TN:
SF:server\server.js
FN:39,(anonymous_0)
FN:67,(anonymous_1)
FN:70,(anonymous_2)
FN:91,(anonymous_3)
FN:102,(anonymous_4)
FNF:5
FNH:2
FNDA:11,(anonymous_0)
FNDA:1,(anonymous_1)
FNDA:0,(anonymous_2)
FNDA:0,(anonymous_3)
FNDA:0,(anonymous_4)
DA:1,1
DA:3,1
DA:4,1
DA:5,1
DA:6,1
DA:7,1
DA:9,1
DA:10,1
DA:12,1
DA:13,1
DA:16,1
DA:17,1
DA:18,1
DA:19,1
DA:20,1
DA:21,1
DA:22,1
DA:24,1
DA:27,1
DA:28,0
DA:32,1
DA:37,1
DA:40,11
DA:41,0
DA:42,0
DA:44,0
DA:52,1
DA:53,1
DA:54,1
DA:55,1
DA:58,1
DA:59,1
DA:60,1
DA:61,1
DA:62,1
DA:63,1
DA:64,1
DA:67,1
DA:70,1
DA:71,0
DA:72,0
DA:76,1
DA:88,1
DA:91,1
DA:92,0
DA:93,0
DA:94,0
DA:96,0
DA:100,1
DA:101,0
DA:102,0
DA:103,0
DA:107,1
LF:53
LH:40
BRDA:27,0,0,0
BRDA:27,0,1,1
BRDA:40,1,0,11
BRDA:40,1,1,0
BRDA:41,2,0,0
BRDA:41,2,1,0
BRDA:93,3,0,0
BRDA:93,3,1,0
BRDA:100,4,0,0
BRDA:100,4,1,1
BRDA:101,5,0,0
BRDA:101,5,1,0
BRF:12
BRH:3
end_of_record
TN:
SF:server\swagger.js
FNF:0
FNH:0
DA:1,1
DA:2,1
DA:4,1
DA:36,1
DA:37,1
LF:5
LH:5
BRF:0
BRH:0
end_of_record
TN:
SF:server\config\db.js
FN:24,(anonymous_0)
FN:35,(anonymous_1)
FNF:2
FNH:0
FNDA:0,(anonymous_0)
FNDA:0,(anonymous_1)
DA:2,1
DA:4,1
DA:7,1
DA:8,0
DA:14,1
DA:15,1
DA:18,1
DA:24,1
DA:25,0
DA:26,0
DA:27,0
DA:28,0
DA:30,0
DA:35,1
DA:38,1
LF:15
LH:9
BRDA:7,0,0,0
BRDA:7,0,1,1
BRDA:20,1,0,0
BRDA:20,1,1,1
BRF:4
BRH:2
end_of_record
TN:
SF:server\config\uploadsToCloudinary.js
FN:14,(anonymous_0)
FN:21,(anonymous_1)
FN:22,(anonymous_2)
FN:28,(anonymous_3)
FN:52,(anonymous_4)
FNF:5
FNH:0
FNDA:0,(anonymous_0)
FNDA:0,(anonymous_1)
FNDA:0,(anonymous_2)
FNDA:0,(anonymous_3)
FNDA:0,(anonymous_4)
DA:2,1
DA:3,1
DA:4,1
DA:6,1
DA:8,1
DA:14,1
DA:15,0
DA:16,0
DA:17,0
DA:18,0
DA:21,1
DA:22,0
DA:23,0
DA:29,0
DA:30,0
DA:31,0
DA:34,0
DA:35,0
DA:40,0
DA:41,0
DA:48,0
DA:52,1
DA:53,0
DA:54,0
DA:55,0
DA:56,0
DA:58,0
DA:59,0
DA:63,1
LF:29
LH:9
BRDA:21,0,0,0
BRDA:29,1,0,0
BRDA:29,1,1,0
BRDA:34,2,0,0
BRDA:34,2,1,0
BRF:5
BRH:0
end_of_record
TN:
SF:server\controllers\application.controller.js
FN:5,(anonymous_0)
FN:60,(anonymous_1)
FN:87,(anonymous_2)
FN:123,(anonymous_3)
FN:164,(anonymous_4)
FNF:5
FNH:5
FNDA:1,(anonymous_0)
FNDA:1,(anonymous_1)
FNDA:1,(anonymous_2)
FNDA:1,(anonymous_3)
FNDA:1,(anonymous_4)
DA:1,2
DA:2,2
DA:5,2
DA:6,1
DA:7,1
DA:8,1
DA:9,1
DA:12,1
DA:13,0
DA:17,1
DA:21,1
DA:22,0
DA:26,1
DA:35,1
DA:36,0
DA:42,1
DA:50,1
DA:55,0
DA:56,0
DA:60,2
DA:61,1
DA:62,1
DA:64,1
DA:65,0
DA:70,1
DA:80,1
DA:82,0
DA:83,0
DA:87,2
DA:88,1
DA:89,1
DA:91,1
DA:92,0
DA:95,1
DA:117,1
DA:119,0
DA:120,0
DA:123,2
DA:124,1
DA:125,1
DA:127,1
DA:131,1
DA:132,0
DA:136,1
DA:137,0
DA:140,1
DA:157,1
DA:159,0
DA:160,0
DA:164,2
DA:165,1
DA:166,1
DA:167,1
DA:169,1
DA:170,0
DA:173,1
DA:180,1
DA:181,0
DA:184,1
DA:185,0
DA:188,1
DA:193,1
DA:198,0
DA:199,0
DA:203,2
LF:65
LH:45
BRDA:12,0,0,0
BRDA:12,0,1,1
BRDA:21,1,0,0
BRDA:21,1,1,1
BRDA:21,2,0,1
BRDA:21,2,1,1
BRDA:21,2,2,1
BRDA:35,3,0,0
BRDA:35,3,1,1
BRDA:64,4,0,0
BRDA:64,4,1,1
BRDA:91,5,0,0
BRDA:91,5,1,1
BRDA:131,6,0,0
BRDA:131,6,1,1
BRDA:136,7,0,0
BRDA:136,7,1,1
BRDA:169,8,0,0
BRDA:169,8,1,1
BRDA:180,9,0,0
BRDA:180,9,1,1
BRDA:184,10,0,0
BRDA:184,10,1,1
BRF:23
BRH:13
end_of_record
TN:
SF:server\controllers\auth.controller.js
FN:12,(anonymous_0)
FN:16,(anonymous_1)
FN:137,(anonymous_2)
FN:169,(anonymous_3)
FN:201,(anonymous_4)
FN:243,(anonymous_5)
FN:254,(anonymous_6)
FN:276,(anonymous_7)
FN:304,(anonymous_8)
FNF:9
FNH:4
FNDA:1,(anonymous_0)
FNDA:4,(anonymous_1)
FNDA:0,(anonymous_2)
FNDA:0,(anonymous_3)
FNDA:5,(anonymous_4)
FNDA:1,(anonymous_5)
FNDA:0,(anonymous_6)
FNDA:0,(anonymous_7)
FNDA:0,(anonymous_8)
DA:1,2
DA:2,2
DA:3,2
DA:4,2
DA:5,2
DA:6,2
DA:7,2
DA:9,2
DA:12,2
DA:13,1
DA:16,2
DA:17,4
DA:19,4
DA:20,0
DA:23,4
DA:26,4
DA:27,1
DA:32,3
DA:33,3
DA:34,3
DA:35,2
DA:38,1
DA:39,1
DA:40,1
DA:41,1
DA:43,1
DA:58,1
DA:59,1
DA:74,0
DA:75,0
DA:90,1
DA:99,1
DA:105,1
DA:111,1
DA:119,1
DA:131,0
DA:132,0
DA:137,2
DA:138,0
DA:140,0
DA:141,0
DA:145,0
DA:146,0
DA:147,0
DA:148,0
DA:149,0
DA:152,0
DA:161,0
DA:163,0
DA:164,0
DA:169,2
DA:170,0
DA:171,0
DA:173,0
DA:174,0
DA:176,0
DA:177,0
DA:183,0
DA:184,0
DA:185,0
DA:187,0
DA:192,0
DA:193,0
DA:195,0
DA:196,0
DA:201,2
DA:202,5
DA:204,5
DA:205,5
DA:206,5
DA:207,3
DA:210,2
DA:211,1
DA:215,1
DA:218,1
DA:226,1
DA:237,0
DA:238,0
DA:243,2
DA:244,1
DA:250,1
DA:254,2
DA:255,0
DA:256,0
DA:258,0
DA:259,0
DA:260,0
DA:268,0
DA:270,0
DA:271,0
DA:276,2
DA:277,0
DA:279,0
DA:280,0
DA:281,0
DA:282,0
DA:286,0
DA:287,0
DA:288,0
DA:290,0
DA:295,0
DA:296,0
DA:298,0
DA:299,0
DA:304,2
DA:305,0
DA:306,0
DA:308,0
DA:309,0
DA:311,0
DA:312,0
DA:315,0
DA:317,0
DA:326,0
DA:328,0
DA:329,0
DA:333,2
LF:117
LH:52
BRDA:19,0,0,0
BRDA:19,0,1,4
BRDA:19,1,0,4
BRDA:19,1,1,4
BRDA:19,1,2,4
BRDA:26,2,0,1
BRDA:26,2,1,3
BRDA:34,3,0,2
BRDA:34,3,1,1
BRDA:48,4,0,1
BRDA:48,4,1,0
BRDA:58,5,0,1
BRDA:58,5,1,0
BRDA:74,6,0,0
BRDA:74,6,1,0
BRDA:145,7,0,0
BRDA:145,7,1,0
BRDA:146,8,0,0
BRDA:146,8,1,0
BRDA:148,9,0,0
BRDA:148,9,1,0
BRDA:171,10,0,0
BRDA:171,10,1,0
BRDA:176,11,0,0
BRDA:176,11,1,0
BRDA:176,12,0,0
BRDA:176,12,1,0
BRDA:206,13,0,3
BRDA:206,13,1,2
BRDA:206,14,0,5
BRDA:206,14,1,4
BRDA:210,15,0,1
BRDA:210,15,1,1
BRDA:256,16,0,0
BRDA:256,16,1,0
BRDA:281,17,0,0
BRDA:281,17,1,0
BRDA:311,18,0,0
BRDA:311,18,1,0
BRDA:311,19,0,0
BRDA:311,19,1,0
BRF:41
BRH:16
end_of_record
TN:
SF:server\controllers\clientprofile.controller.js
FN:5,(anonymous_0)
FN:77,(anonymous_1)
FN:98,(anonymous_2)
FN:113,(anonymous_3)
FNF:4
FNH:4
FNDA:3,(anonymous_0)
FNDA:2,(anonymous_1)
FNDA:1,(anonymous_2)
FNDA:1,(anonymous_3)
DA:1,2
DA:2,2
DA:3,2
DA:5,2
DA:6,3
DA:7,3
DA:8,1
DA:17,2
DA:19,2
DA:20,2
DA:21,2
DA:25,0
DA:28,2
DA:29,2
DA:31,2
DA:32,1
DA:36,1
DA:37,1
DA:38,1
DA:42,1
DA:45,1
DA:55,1
DA:64,1
DA:69,0
DA:70,0
DA:77,2
DA:78,2
DA:80,2
DA:81,2
DA:86,2
DA:87,1
DA:90,1
DA:92,0
DA:93,0
DA:98,2
DA:99,1
DA:100,1
DA:105,1
DA:107,0
DA:108,0
DA:113,2
DA:114,1
DA:116,1
DA:117,1
DA:118,1
DA:120,1
DA:122,0
DA:123,0
DA:127,2
LF:49
LH:40
BRDA:7,0,0,1
BRDA:7,0,1,2
BRDA:21,1,0,0
BRDA:21,1,1,2
BRDA:23,2,0,2
BRDA:23,2,1,1
BRDA:31,3,0,1
BRDA:31,3,1,1
BRDA:31,4,0,2
BRDA:31,4,1,2
BRDA:37,5,0,1
BRDA:37,5,1,0
BRDA:37,6,0,1
BRDA:37,6,1,1
BRDA:52,7,0,1
BRDA:52,7,1,1
BRDA:86,8,0,1
BRDA:86,8,1,1
BRF:18
BRH:16
end_of_record
TN:
SF:server\controllers\favorite.controller.js
FN:5,(anonymous_0)
FN:41,(anonymous_1)
FN:56,(anonymous_2)
FN:67,(anonymous_3)
FNF:4
FNH:4
FNDA:3,(anonymous_0)
FNDA:1,(anonymous_1)
FNDA:2,(anonymous_2)
FNDA:1,(anonymous_3)
DA:1,2
DA:2,2
DA:5,2
DA:6,3
DA:7,3
DA:9,3
DA:10,3
DA:14,3
DA:15,1
DA:20,2
DA:27,1
DA:32,1
DA:33,1
DA:35,0
DA:36,0
DA:41,2
DA:42,1
DA:44,1
DA:45,1
DA:55,1
DA:56,2
DA:59,1
DA:61,0
DA:62,0
DA:67,2
DA:68,1
DA:69,1
DA:71,1
DA:72,1
DA:81,1
DA:83,0
DA:84,0
DA:88,2
LF:33
LH:27
BRDA:14,0,0,1
BRDA:14,0,1,2
BRDA:14,1,0,3
BRDA:14,1,1,3
BRDA:14,1,2,3
BRDA:32,2,0,1
BRDA:32,2,1,0
BRDA:56,3,0,2
BRDA:56,3,1,2
BRF:9
BRH:8
end_of_record
TN:
SF:server\controllers\project.controller.js
FN:5,(anonymous_0)
FN:54,(anonymous_1)
FN:102,(anonymous_2)
FN:104,(anonymous_3)
FN:140,(anonymous_4)
FN:195,(anonymous_5)
FN:220,(anonymous_6)
FN:267,(anonymous_7)
FN:302,(anonymous_8)
FN:348,(anonymous_9)
FN:371,(anonymous_10)
FN:372,(anonymous_11)
FN:388,(anonymous_12)
FNF:13
FNH:4
FNDA:2,(anonymous_0)
FNDA:1,(anonymous_1)
FNDA:0,(anonymous_2)
FNDA:0,(anonymous_3)
FNDA:0,(anonymous_4)
FNDA:2,(anonymous_5)
FNDA:0,(anonymous_6)
FNDA:2,(anonymous_7)
FNDA:0,(anonymous_8)
FNDA:0,(anonymous_9)
FNDA:0,(anonymous_10)
FNDA:0,(anonymous_11)
FNDA:0,(anonymous_12)
DA:1,2
DA:2,2
DA:5,2
DA:6,2
DA:7,2
DA:17,2
DA:19,2
DA:20,1
DA:23,1
DA:24,1
DA:25,1
DA:44,1
DA:48,0
DA:49,0
DA:54,2
DA:55,1
DA:67,1
DA:69,1
DA:70,1
DA:72,1
DA:83,1
DA:84,0
DA:92,1
DA:93,0
DA:101,1
DA:102,0
DA:103,0
DA:104,0
DA:108,1
DA:110,1
DA:122,1
DA:132,0
DA:133,0
DA:140,2
DA:141,0
DA:142,0
DA:150,0
DA:152,0
DA:153,0
DA:155,0
DA:156,0
DA:157,0
DA:160,0
DA:165,0
DA:167,0
DA:179,0
DA:189,0
DA:190,0
DA:195,2
DA:196,2
DA:197,2
DA:199,2
DA:208,2
DA:209,1
DA:212,1
DA:214,0
DA:215,0
DA:220,2
DA:221,0
DA:222,0
DA:224,0
DA:225,0
DA:229,0
DA:230,0
DA:233,0
DA:234,0
DA:239,0
DA:256,0
DA:261,0
DA:262,0
DA:267,2
DA:268,2
DA:270,2
DA:271,2
DA:273,2
DA:274,0
DA:279,2
DA:280,1
DA:285,1
DA:294,1
DA:296,0
DA:297,0
DA:302,2
DA:303,0
DA:305,0
DA:306,0
DA:308,0
DA:309,0
DA:312,0
DA:313,0
DA:318,0
DA:319,0
DA:324,0
DA:338,0
DA:342,0
DA:343,0
DA:348,2
DA:349,0
DA:350,0
DA:352,0
DA:353,0
DA:354,0
DA:357,0
DA:359,0
DA:369,0
DA:371,0
DA:372,0
DA:374,0
DA:376,0
DA:383,0
DA:384,0
DA:388,2
DA:389,0
DA:391,0
DA:392,0
DA:394,0
DA:395,0
DA:400,0
DA:401,0
DA:406,0
DA:420,0
DA:424,0
DA:425,0
DA:429,2
LF:124
LH:46
BRDA:19,0,0,1
BRDA:19,0,1,1
BRDA:19,1,0,2
BRDA:19,1,1,2
BRDA:19,1,2,1
BRDA:19,1,3,1
BRDA:24,2,0,0
BRDA:24,2,1,1
BRDA:57,3,0,1
BRDA:58,4,0,1
BRDA:59,5,0,1
BRDA:60,6,0,1
BRDA:61,7,0,1
BRDA:83,8,0,0
BRDA:83,8,1,1
BRDA:83,9,0,1
BRDA:83,9,1,1
BRDA:86,10,0,0
BRDA:86,10,1,0
BRDA:87,11,0,0
BRDA:87,11,1,0
BRDA:92,12,0,0
BRDA:92,12,1,1
BRDA:92,13,0,1
BRDA:92,13,1,1
BRDA:95,14,0,0
BRDA:95,14,1,0
BRDA:96,15,0,0
BRDA:96,15,1,0
BRDA:101,16,0,0
BRDA:101,16,1,1
BRDA:146,17,0,0
BRDA:147,18,0,0
BRDA:148,19,0,0
BRDA:149,20,0,0
BRDA:156,21,0,0
BRDA:156,21,1,0
BRDA:208,22,0,1
BRDA:208,22,1,1
BRDA:229,23,0,0
BRDA:229,23,1,0
BRDA:229,24,0,0
BRDA:229,24,1,0
BRDA:233,25,0,0
BRDA:233,25,1,0
BRDA:246,26,0,0
BRDA:246,26,1,0
BRDA:273,27,0,0
BRDA:273,27,1,2
BRDA:273,28,0,2
BRDA:273,28,1,2
BRDA:279,29,0,1
BRDA:279,29,1,1
BRDA:279,30,0,2
BRDA:279,30,1,2
BRDA:308,31,0,0
BRDA:308,31,1,0
BRDA:312,32,0,0
BRDA:312,32,1,0
BRDA:318,33,0,0
BRDA:318,33,1,0
BRDA:352,34,0,0
BRDA:352,34,1,0
BRDA:394,35,0,0
BRDA:394,35,1,0
BRDA:394,36,0,0
BRDA:394,36,1,0
BRDA:400,37,0,0
BRDA:400,37,1,0
BRF:69
BRH:28
end_of_record
TN:
SF:server\controllers\user.controller.js
FN:8,(anonymous_0)
FN:96,(anonymous_1)
FN:133,(anonymous_2)
FN:137,(anonymous_3)
FN:161,(anonymous_4)
FN:206,(anonymous_5)
FN:220,(anonymous_6)
FN:240,(anonymous_7)
FN:256,(anonymous_8)
FN:289,(anonymous_9)
FNF:10
FNH:10
FNDA:1,(anonymous_0)
FNDA:1,(anonymous_1)
FNDA:1,(anonymous_2)
FNDA:1,(anonymous_3)
FNDA:1,(anonymous_4)
FNDA:1,(anonymous_5)
FNDA:2,(anonymous_6)
FNDA:1,(anonymous_7)
FNDA:1,(anonymous_8)
FNDA:2,(anonymous_9)
DA:1,2
DA:2,2
DA:3,2
DA:5,2
DA:8,2
DA:9,1
DA:10,1
DA:11,0
DA:13,1
DA:29,1
DA:31,1
DA:32,1
DA:36,1
DA:37,1
DA:38,1
DA:40,0
DA:43,1
DA:44,1
DA:49,1
DA:50,0
DA:53,1
DA:69,1
DA:77,1
DA:83,1
DA:88,0
DA:89,0
DA:96,2
DA:97,1
DA:98,1
DA:99,1
DA:100,0
DA:102,1
DA:103,1
DA:105,1
DA:106,0
DA:111,1
DA:116,1
DA:117,0
DA:120,1
DA:121,1
DA:123,1
DA:124,1
DA:128,1
DA:131,1
DA:132,1
DA:134,1
DA:137,1
DA:140,1
DA:148,1
DA:153,0
DA:154,0
DA:161,2
DA:162,1
DA:163,1
DA:164,0
DA:166,1
DA:168,1
DA:169,1
DA:174,1
DA:175,0
DA:180,1
DA:181,0
DA:184,1
DA:185,1
DA:186,1
DA:188,1
DA:193,1
DA:198,0
DA:199,0
DA:206,2
DA:207,1
DA:208,1
DA:212,1
DA:214,0
DA:215,0
DA:220,2
DA:221,2
DA:222,2
DA:223,2
DA:228,2
DA:229,1
DA:232,1
DA:234,0
DA:235,0
DA:240,2
DA:241,1
DA:242,1
DA:243,1
DA:244,1
DA:246,1
DA:250,0
DA:251,0
DA:256,2
DA:257,1
DA:258,1
DA:259,0
DA:261,1
DA:263,1
DA:264,1
DA:269,1
DA:270,0
DA:273,1
DA:278,1
DA:283,0
DA:284,0
DA:289,2
DA:290,2
DA:292,2
DA:293,2
DA:298,2
DA:299,1
DA:304,1
DA:306,0
DA:307,0
DA:311,2
LF:115
LH:88
BRDA:10,0,0,0
BRDA:10,0,1,1
BRDA:13,1,0,1
BRDA:13,1,1,0
BRDA:31,2,0,0
BRDA:31,2,1,1
BRDA:32,3,0,0
BRDA:32,3,1,1
BRDA:38,4,0,0
BRDA:38,4,1,1
BRDA:49,5,0,0
BRDA:49,5,1,1
BRDA:49,6,0,1
BRDA:49,6,1,1
BRDA:54,7,0,1
BRDA:54,7,1,1
BRDA:55,8,0,1
BRDA:55,8,1,0
BRDA:56,9,0,1
BRDA:56,9,1,0
BRDA:57,10,0,1
BRDA:57,10,1,0
BRDA:58,11,0,1
BRDA:58,11,1,0
BRDA:59,12,0,1
BRDA:59,12,1,0
BRDA:60,13,0,1
BRDA:60,13,1,0
BRDA:61,14,0,1
BRDA:61,14,1,1
BRDA:62,15,0,1
BRDA:62,15,1,0
BRDA:63,16,0,1
BRDA:63,16,1,0
BRDA:64,17,0,1
BRDA:64,17,1,0
BRDA:65,18,0,1
BRDA:65,18,1,0
BRDA:66,19,0,1
BRDA:66,19,1,0
BRDA:70,20,0,1
BRDA:70,20,1,1
BRDA:71,21,0,1
BRDA:71,21,1,0
BRDA:72,22,0,0
BRDA:72,22,1,1
BRDA:99,23,0,0
BRDA:99,23,1,1
BRDA:102,24,0,1
BRDA:102,24,1,0
BRDA:103,25,0,1
BRDA:103,25,1,0
BRDA:105,26,0,0
BRDA:105,26,1,1
BRDA:105,27,0,1
BRDA:105,27,1,0
BRDA:116,28,0,0
BRDA:116,28,1,1
BRDA:116,29,0,1
BRDA:116,29,1,1
BRDA:116,29,2,1
BRDA:123,30,0,1
BRDA:123,30,1,0
BRDA:131,31,0,1
BRDA:131,31,1,0
BRDA:143,32,0,1
BRDA:143,32,1,1
BRDA:144,33,0,1
BRDA:144,33,1,1
BRDA:163,34,0,0
BRDA:163,34,1,1
BRDA:174,35,0,0
BRDA:174,35,1,1
BRDA:174,36,0,1
BRDA:174,36,1,1
BRDA:174,36,2,1
BRDA:180,37,0,0
BRDA:180,37,1,1
BRDA:186,38,0,1
BRDA:186,38,1,0
BRDA:228,39,0,1
BRDA:228,39,1,1
BRDA:228,40,0,2
BRDA:228,40,1,1
BRDA:258,41,0,0
BRDA:258,41,1,1
BRDA:269,42,0,0
BRDA:269,42,1,1
BRDA:269,43,0,1
BRDA:269,43,1,1
BRDA:298,44,0,1
BRDA:298,44,1,1
BRDA:298,45,0,2
BRDA:298,45,1,2
BRDA:298,45,2,1
BRF:95
BRH:62
end_of_record
TN:
SF:server\middlewares\authMiddleware.js
FN:3,(anonymous_0)
FNF:1
FNH:1
FNDA:5,(anonymous_0)
DA:1,1
DA:3,1
DA:4,5
DA:6,5
DA:7,5
DA:8,5
DA:11,0
DA:12,0
DA:13,0
DA:14,0
DA:15,0
DA:17,0
DA:18,0
DA:22,1
LF:14
LH:7
BRDA:6,0,0,5
BRDA:6,0,1,0
BRF:2
BRH:1
end_of_record
TN:
SF:server\middlewares\errorLogger.js
FN:4,(anonymous_0)
FNF:1
FNH:0
FNDA:0,(anonymous_0)
DA:1,1
DA:4,1
DA:6,0
DA:9,0
DA:10,0
DA:13,0
DA:18,1
LF:7
LH:3
BRDA:9,0,0,0
BRDA:9,0,1,0
BRDA:13,1,0,0
BRDA:13,1,1,0
BRDA:14,2,0,0
BRDA:14,2,1,0
BRF:6
BRH:0
end_of_record
TN:
SF:server\middlewares\roleMiddleware.js
FN:1,(anonymous_0)
FN:2,(anonymous_1)
FNF:2
FNH:1
FNDA:25,(anonymous_0)
FNDA:0,(anonymous_1)
DA:1,1
DA:2,25
DA:3,0
DA:5,0
DA:6,0
DA:8,0
DA:9,0
DA:10,0
DA:13,0
DA:14,0
DA:18,1
LF:11
LH:3
BRDA:8,0,0,0
BRDA:8,0,1,0
BRF:2
BRH:0
end_of_record
TN:
SF:server\middlewares\uploads.js
FN:35,(anonymous_0)
FNF:1
FNH:0
FNDA:0,(anonymous_0)
DA:1,1
DA:4,1
DA:7,1
DA:35,1
DA:36,0
DA:37,0
DA:39,0
DA:48,1
DA:56,1
LF:9
LH:6
BRDA:36,0,0,0
BRDA:36,0,1,0
BRF:2
BRH:0
end_of_record
TN:
SF:server\routes\applicantion.routes.js
FNF:0
FNH:0
DA:1,1
DA:2,1
DA:3,1
DA:10,1
DA:12,1
DA:54,1
DA:75,1
DA:105,1
DA:126,1
DA:169,1
DA:176,1
LF:11
LH:11
BRF:0
BRH:0
end_of_record
TN:
SF:server\routes\archivedProject.routes.js
FN:61,(anonymous_0)
FNF:1
FNH:1
FNDA:1,(anonymous_0)
DA:1,1
DA:2,1
DA:7,1
DA:8,1
DA:9,1
DA:41,1
DA:59,1
DA:62,1
DA:63,1
DA:93,1
DA:100,1
LF:11
LH:11
BRF:0
BRH:0
end_of_record
TN:
SF:server\routes\auth.routes.js
FN:32,(anonymous_0)
FNF:1
FNH:0
FNDA:0,(anonymous_0)
DA:1,1
DA:2,1
DA:13,1
DA:32,1
DA:59,1
DA:84,1
DA:96,1
DA:117,1
DA:138,1
DA:159,1
DA:188,1
DA:200,1
DA:202,1
LF:13
LH:13
BRF:0
BRH:0
end_of_record
TN:
SF:server\routes\clientProfile.routes.js
FN:31,(anonymous_0)
FNF:1
FNH:0
FNDA:0,(anonymous_0)
DA:1,1
DA:2,1
DA:3,1
DA:4,1
DA:10,1
DA:12,1
DA:31,1
DA:32,0
DA:73,1
DA:104,1
DA:127,1
DA:152,1
DA:159,1
LF:13
LH:12
BRF:0
BRH:0
end_of_record
TN:
SF:server\routes\favorites.routes.js
FNF:0
FNH:0
DA:1,1
DA:2,1
DA:3,1
DA:8,1
DA:9,1
DA:41,1
DA:62,1
DA:87,1
DA:94,1
LF:9
LH:9
BRF:0
BRH:0
end_of_record
TN:
SF:server\routes\project.routes.js
FNF:0
FNH:0
DA:1,1
DA:2,1
DA:10,1
DA:11,1
DA:12,1
DA:65,1
DA:86,1
DA:104,1
DA:134,1
DA:179,1
DA:206,1
DA:208,1
LF:12
LH:12
BRF:0
BRH:0
end_of_record
TN:
SF:server\routes\userProfile.routes.js
FN:35,(anonymous_0)
FNF:1
FNH:0
FNDA:0,(anonymous_0)
DA:1,1
DA:2,1
DA:3,1
DA:4,1
DA:14,1
DA:16,1
DA:35,1
DA:36,0
DA:77,1
DA:122,1
DA:149,1
DA:177,1
DA:202,1
DA:242,1
DA:271,1
DA:296,1
DA:303,1
LF:17
LH:16
BRF:0
BRH:0
end_of_record
TN:
SF:server\utils\generateToken.js
FN:3,(anonymous_0)
FNF:1
FNH:0
FNDA:0,(anonymous_0)
DA:1,1
DA:3,1
DA:4,0
DA:8,0
DA:16,0
DA:19,1
LF:6
LH:3
BRF:0
BRH:0
end_of_record
TN:
SF:server\utils\mailer.js
FN:12,sendEmail
FNF:1
FNH:0
FNDA:0,sendEmail
DA:1,1
DA:2,1
DA:4,1
DA:13,0
DA:14,0
DA:21,0
DA:22,0
DA:24,0
DA:25,0
DA:29,1
LF:10
LH:4
BRF:0
BRH:0
end_of_record
TN:
SF:server\utils\emails\reset-password-email.js
FN:1,(anonymous_0)
FNF:1
FNH:0
FNDA:0,(anonymous_0)
DA:1,2
DA:61,2
LF:2
LH:2
BRF:0
BRH:0
end_of_record
TN:
SF:server\utils\emails\verification-email.js
FN:1,(anonymous_0)
FNF:1
FNH:1
FNDA:1,(anonymous_0)
DA:1,2
DA:51,2
LF:2
LH:2
BRF:0
BRH:0
end_of_record
